# JRE version: Java(TM) SE Runtime Environment (8.0_201-b09) (build 1.8.0_201-b09)
# Java VM: Java HotSpot(TM) 64-Bit Server VM (25.201-b09 mixed mode linux-amd64 compressed oops)
Heap:
 PSYoungGen      total 860672K, used 365270K [0x000000076ab00000, 0x00000007a6a00000, 0x00000007c0000000)
  eden space 835072K, 40% used [0x000000076ab00000,0x000000077f6b9430,0x000000079da80000)
  from space 25600K, 99% used [0x00000007a0f80000,0x00000007a287c748,0x00000007a2880000)
  to   space 54272K, 0% used [0x000000079da80000,0x000000079da80000,0x00000007a0f80000)
 ParOldGen       total 294400K, used 203331K [0x00000006c0000000, 0x00000006d1f80000, 0x000000076ab00000)
  object space 294400K, 69% used [0x00000006c0000000,0x00000006cc690fe0,0x00000006d1f80000)
 Metaspace       used 76773K, capacity 77668K, committed 77976K, reserved 1116160K
  class space    used 11433K, capacity 11619K, committed 11696K, reserved 1048576K
GC Heap History (10 events):
Event: 14.302 GC heap before
{Heap before GC invocations=36 (full 4):
 PSYoungGen      total 749056K, used 9501K [0x000000076ab00000, 0x0000000799300000, 0x00000007c0000000)
  eden space 738304K, 0% used [0x000000076ab00000,0x000000076ab00000,0x0000000797c00000)
  from space 10752K, 88% used [0x0000000798880000,0x00000007991c7550,0x0000000799300000)
  to   space 11776K, 0% used [0x0000000797c00000,0x0000000797c00000,0x0000000798780000)
 ParOldGen       total 152064K, used 147839K [0x00000006c0000000, 0x00000006c9480000, 0x000000076ab00000)
  object space 152064K, 97% used [0x00000006c0000000,0x00000006c905fc50,0x00000006c9480000)
 Metaspace       used 73155K, capacity 73894K, committed 74136K, reserved 1112064K
  class space    used 11007K, capacity 11183K, committed 11184K, reserved 1048576K
Event: 14.388 GC heap after
Heap after GC invocations=36 (full 4):
 PSYoungGen      total 749056K, used 0K [0x000000076ab00000, 0x0000000799300000, 0x00000007c0000000)
  eden space 738304K, 0% used [0x000000076ab00000,0x000000076ab00000,0x0000000797c00000)
  from space 10752K, 0% used [0x0000000798880000,0x0000000798880000,0x0000000799300000)
  to   space 11776K, 0% used [0x0000000797c00000,0x0000000797c00000,0x0000000798780000)
 ParOldGen       total 294400K, used 98947K [0x00000006c0000000, 0x00000006d1f80000, 0x000000076ab00000)
  object space 294400K, 33% used [0x00000006c0000000,0x00000006c60a0c88,0x00000006d1f80000)
 Metaspace       used 73144K, capacity 73876K, committed 74136K, reserved 1112064K
  class space    used 11006K, capacity 11180K, committed 11184K, reserved 1048576K
}
Event: 15.204 GC heap before
{Heap before GC invocations=37 (full 4):
 PSYoungGen      total 749056K, used 738304K [0x000000076ab00000, 0x0000000799300000, 0x00000007c0000000)
  eden space 738304K, 100% used [0x000000076ab00000,0x0000000797c00000,0x0000000797c00000)
  from space 10752K, 0% used [0x0000000798880000,0x0000000798880000,0x0000000799300000)
  to   space 11776K, 0% used [0x0000000797c00000,0x0000000797c00000,0x0000000798780000)
 ParOldGen       total 294400K, used 98947K [0x00000006c0000000, 0x00000006d1f80000, 0x000000076ab00000)
  object space 294400K, 33% used [0x00000006c0000000,0x00000006c60a0c88,0x00000006d1f80000)
 Metaspace       used 73273K, capacity 73944K, committed 74136K, reserved 1112064K
  class space    used 11009K, capacity 11180K, committed 11184K, reserved 1048576K
Event: 15.216 GC heap after
Heap after GC invocations=37 (full 4):
 PSYoungGen      total 750080K, used 11758K [0x000000076ab00000, 0x000000079f900000, 0x00000007c0000000)
  eden space 738304K, 0% used [0x000000076ab00000,0x000000076ab00000,0x0000000797c00000)
  from space 11776K, 99% used [0x0000000797c00000,0x000000079877b800,0x0000000798780000)
  to   space 28160K, 0% used [0x000000079dd80000,0x000000079dd80000,0x000000079f900000)
 ParOldGen       total 294400K, used 137900K [0x00000006c0000000, 0x00000006d1f80000, 0x000000076ab00000)
  object space 294400K, 46% used [0x00000006c0000000,0x00000006c86ab028,0x00000006d1f80000)
 Metaspace       used 73273K, capacity 73944K, committed 74136K, reserved 1112064K
  class space    used 11009K, capacity 11180K, committed 11184K, reserved 1048576K
}
Event: 17.657 GC heap before
{Heap before GC invocations=38 (full 4):
 PSYoungGen      total 750080K, used 750062K [0x000000076ab00000, 0x000000079f900000, 0x00000007c0000000)
  eden space 738304K, 100% used [0x000000076ab00000,0x0000000797c00000,0x0000000797c00000)
  from space 11776K, 99% used [0x0000000797c00000,0x000000079877b800,0x0000000798780000)
  to   space 28160K, 0% used [0x000000079dd80000,0x000000079dd80000,0x000000079f900000)
 ParOldGen       total 294400K, used 137900K [0x00000006c0000000, 0x00000006d1f80000, 0x000000076ab00000)
  object space 294400K, 46% used [0x00000006c0000000,0x00000006c86ab028,0x00000006d1f80000)
 Metaspace       used 75600K, capacity 76486K, committed 76696K, reserved 1114112K
  class space    used 11226K, capacity 11408K, committed 11440K, reserved 1048576K
Event: 17.668 GC heap after
Heap after GC invocations=38 (full 4):
 PSYoungGen      total 816640K, used 7851K [0x000000076ab00000, 0x000000079ed00000, 0x00000007c0000000)
  eden space 800768K, 0% used [0x000000076ab00000,0x000000076ab00000,0x000000079b900000)
  from space 15872K, 49% used [0x000000079dd80000,0x000000079e52aef0,0x000000079ed00000)
  to   space 26624K, 0% used [0x000000079b900000,0x000000079b900000,0x000000079d300000)
 ParOldGen       total 294400K, used 137908K [0x00000006c0000000, 0x00000006d1f80000, 0x000000076ab00000)
  object space 294400K, 46% used [0x00000006c0000000,0x00000006c86ad028,0x00000006d1f80000)
 Metaspace       used 75600K, capacity 76486K, committed 76696K, reserved 1114112K
  class space    used 11226K, capacity 11408K, committed 11440K, reserved 1048576K
}
Event: 18.285 GC heap before
{Heap before GC invocations=39 (full 4):
 PSYoungGen      total 816640K, used 808619K [0x000000076ab00000, 0x000000079ed00000, 0x00000007c0000000)
  eden space 800768K, 100% used [0x000000076ab00000,0x000000079b900000,0x000000079b900000)
  from space 15872K, 49% used [0x000000079dd80000,0x000000079e52aef0,0x000000079ed00000)
  to   space 26624K, 0% used [0x000000079b900000,0x000000079b900000,0x000000079d300000)
 ParOldGen       total 294400K, used 137908K [0x00000006c0000000, 0x00000006d1f80000, 0x000000076ab00000)
  object space 294400K, 46% used [0x00000006c0000000,0x00000006c86ad028,0x00000006d1f80000)
 Metaspace       used 75700K, capacity 76582K, committed 76696K, reserved 1114112K
  class space    used 11244K, capacity 11440K, committed 11440K, reserved 1048576K
Event: 18.291 GC heap after
Heap after GC invocations=39 (full 4):
 PSYoungGen      total 827392K, used 5596K [0x000000076ab00000, 0x00000007a2880000, 0x00000007c0000000)
  eden space 800768K, 0% used [0x000000076ab00000,0x000000076ab00000,0x000000079b900000)
  from space 26624K, 21% used [0x000000079b900000,0x000000079be77288,0x000000079d300000)
  to   space 25600K, 0% used [0x00000007a0f80000,0x00000007a0f80000,0x00000007a2880000)
 ParOldGen       total 294400K, used 137916K [0x00000006c0000000, 0x00000006d1f80000, 0x000000076ab00000)
  object space 294400K, 46% used [0x00000006c0000000,0x00000006c86af028,0x00000006d1f80000)
 Metaspace       used 75700K, capacity 76582K, committed 76696K, reserved 1114112K
  class space    used 11244K, capacity 11440K, committed 11440K, reserved 1048576K
}
Event: 19.144 GC heap before
{Heap before GC invocations=40 (full 4):
 PSYoungGen      total 827392K, used 806364K [0x000000076ab00000, 0x00000007a2880000, 0x00000007c0000000)
  eden space 800768K, 100% used [0x000000076ab00000,0x000000079b900000,0x000000079b900000)
  from space 26624K, 21% used [0x000000079b900000,0x000000079be77288,0x000000079d300000)
  to   space 25600K, 0% used [0x00000007a0f80000,0x00000007a0f80000,0x00000007a2880000)
 ParOldGen       total 294400K, used 137916K [0x00000006c0000000, 0x00000006d1f80000, 0x000000076ab00000)
  object space 294400K, 46% used [0x00000006c0000000,0x00000006c86af028,0x00000006d1f80000)
 Metaspace       used 76079K, capacity 77000K, committed 77080K, reserved 1114112K
  class space    used 11313K, capacity 11510K, committed 11568K, reserved 1048576K
Event: 19.167 GC heap after
Heap after GC invocations=40 (full 4):
 PSYoungGen      total 860672K, used 25585K [0x000000076ab00000, 0x00000007a6a00000, 0x00000007c0000000)
  eden space 835072K, 0% used [0x000000076ab00000,0x000000076ab00000,0x000000079da80000)
  from space 25600K, 99% used [0x00000007a0f80000,0x00000007a287c748,0x00000007a2880000)
  to   space 54272K, 0% used [0x000000079da80000,0x000000079da80000,0x00000007a0f80000)
 ParOldGen       total 294400K, used 203331K [0x00000006c0000000, 0x00000006d1f80000, 0x000000076ab00000)
  object space 294400K, 69% used [0x00000006c0000000,0x00000006cc690fe0,0x00000006d1f80000)
 Metaspace       used 76079K, capacity 77000K, committed 77080K, reserved 1114112K
  class space    used 11313K, capacity 11510K, committed 11568K, reserved 1048576K
}

