# JRE version: Java(TM) SE Runtime Environment (8.0_201-b09) (build 1.8.0_201-b09)
# Java VM: Java HotSpot(TM) 64-Bit Server VM (25.201-b09 mixed mode linux-amd64 compressed oops)
Heap:
 PSYoungGen      total 847872K, used 490946K [0x000000076ab00000, 0x00000007a4000000, 0x00000007c0000000)
  eden space 809984K, 59% used [0x000000076ab00000,0x0000000788441ef8,0x000000079c200000)
  from space 37888K, 16% used [0x000000079f680000,0x000000079fcaea88,0x00000007a1b80000)
  to   space 53760K, 0% used [0x000000079c200000,0x000000079c200000,0x000000079f680000)
 ParOldGen       total 334848K, used 141202K [0x00000006c0000000, 0x00000006d4700000, 0x000000076ab00000)
  object space 334848K, 42% used [0x00000006c0000000,0x00000006c89e49a8,0x00000006d4700000)
 Metaspace       used 76760K, capacity 77650K, committed 77992K, reserved 1116160K
  class space    used 11416K, capacity 11616K, committed 11696K, reserved 1048576K
GC Heap History (10 events):
Event: 14.187 GC heap before
{Heap before GC invocations=36 (full 3):
 PSYoungGen      total 729600K, used 729597K [0x000000076ab00000, 0x000000079d280000, 0x00000007c0000000)
  eden space 718848K, 100% used [0x000000076ab00000,0x0000000796900000,0x0000000796900000)
  from space 10752K, 99% used [0x0000000798d00000,0x000000079977f528,0x0000000799780000)
  to   space 36864K, 0% used [0x0000000796900000,0x0000000796900000,0x0000000798d00000)
 ParOldGen       total 141312K, used 92348K [0x00000006c0000000, 0x00000006c8a00000, 0x000000076ab00000)
  object space 141312K, 65% used [0x00000006c0000000,0x00000006c5a2f0b8,0x00000006c8a00000)
 Metaspace       used 73260K, capacity 73952K, committed 74152K, reserved 1112064K
  class space    used 11010K, capacity 11182K, committed 11184K, reserved 1048576K
Event: 14.197 GC heap after
Heap after GC invocations=36 (full 3):
 PSYoungGen      total 755712K, used 32485K [0x000000076ab00000, 0x000000079f400000, 0x00000007c0000000)
  eden space 718848K, 0% used [0x000000076ab00000,0x000000076ab00000,0x0000000796900000)
  from space 36864K, 88% used [0x0000000796900000,0x00000007988b9770,0x0000000798d00000)
  to   space 41984K, 0% used [0x000000079cb00000,0x000000079cb00000,0x000000079f400000)
 ParOldGen       total 141312K, used 92356K [0x00000006c0000000, 0x00000006c8a00000, 0x000000076ab00000)
  object space 141312K, 65% used [0x00000006c0000000,0x00000006c5a310b8,0x00000006c8a00000)
 Metaspace       used 73260K, capacity 73952K, committed 74152K, reserved 1112064K
  class space    used 11010K, capacity 11182K, committed 11184K, reserved 1048576K
}
Event: 16.496 GC heap before
{Heap before GC invocations=37 (full 3):
 PSYoungGen      total 755712K, used 751333K [0x000000076ab00000, 0x000000079f400000, 0x00000007c0000000)
  eden space 718848K, 100% used [0x000000076ab00000,0x0000000796900000,0x0000000796900000)
  from space 36864K, 88% used [0x0000000796900000,0x00000007988b9770,0x0000000798d00000)
  to   space 41984K, 0% used [0x000000079cb00000,0x000000079cb00000,0x000000079f400000)
 ParOldGen       total 141312K, used 92356K [0x00000006c0000000, 0x00000006c8a00000, 0x000000076ab00000)
  object space 141312K, 65% used [0x00000006c0000000,0x00000006c5a310b8,0x00000006c8a00000)
 Metaspace       used 75648K, capacity 76534K, committed 76712K, reserved 1114112K
  class space    used 11230K, capacity 11416K, committed 11440K, reserved 1048576K
Event: 16.511 GC heap after
Heap after GC invocations=37 (full 3):
 PSYoungGen      total 802816K, used 8622K [0x000000076ab00000, 0x000000079ea00000, 0x00000007c0000000)
  eden space 771072K, 0% used [0x000000076ab00000,0x000000076ab00000,0x0000000799c00000)
  from space 31744K, 27% used [0x000000079cb00000,0x000000079d36b858,0x000000079ea00000)
  to   space 39936K, 0% used [0x0000000799c00000,0x0000000799c00000,0x000000079c300000)
 ParOldGen       total 141312K, used 92364K [0x00000006c0000000, 0x00000006c8a00000, 0x000000076ab00000)
  object space 141312K, 65% used [0x00000006c0000000,0x00000006c5a330b8,0x00000006c8a00000)
 Metaspace       used 75648K, capacity 76534K, committed 76712K, reserved 1114112K
  class space    used 11230K, capacity 11416K, committed 11440K, reserved 1048576K
}
Event: 17.232 GC heap before
{Heap before GC invocations=38 (full 3):
 PSYoungGen      total 802816K, used 779694K [0x000000076ab00000, 0x000000079ea00000, 0x00000007c0000000)
  eden space 771072K, 100% used [0x000000076ab00000,0x0000000799c00000,0x0000000799c00000)
  from space 31744K, 27% used [0x000000079cb00000,0x000000079d36b858,0x000000079ea00000)
  to   space 39936K, 0% used [0x0000000799c00000,0x0000000799c00000,0x000000079c300000)
 ParOldGen       total 141312K, used 92364K [0x00000006c0000000, 0x00000006c8a00000, 0x000000076ab00000)
  object space 141312K, 65% used [0x00000006c0000000,0x00000006c5a330b8,0x00000006c8a00000)
 Metaspace       used 75667K, capacity 76598K, committed 76712K, reserved 1114112K
  class space    used 11230K, capacity 11416K, committed 11440K, reserved 1048576K
Event: 17.241 GC heap after
Heap after GC invocations=38 (full 3):
 PSYoungGen      total 811008K, used 14498K [0x000000076ab00000, 0x00000007a1b80000, 0x00000007c0000000)
  eden space 771072K, 0% used [0x000000076ab00000,0x000000076ab00000,0x0000000799c00000)
  from space 39936K, 36% used [0x0000000799c00000,0x000000079aa28880,0x000000079c300000)
  to   space 37888K, 0% used [0x000000079f680000,0x000000079f680000,0x00000007a1b80000)
 ParOldGen       total 141312K, used 92372K [0x00000006c0000000, 0x00000006c8a00000, 0x000000076ab00000)
  object space 141312K, 65% used [0x00000006c0000000,0x00000006c5a350b8,0x00000006c8a00000)
 Metaspace       used 75667K, capacity 76598K, committed 76712K, reserved 1114112K
  class space    used 11230K, capacity 11416K, committed 11440K, reserved 1048576K
}
Event: 18.101 GC heap before
{Heap before GC invocations=39 (full 3):
 PSYoungGen      total 811008K, used 785570K [0x000000076ab00000, 0x00000007a1b80000, 0x00000007c0000000)
  eden space 771072K, 100% used [0x000000076ab00000,0x0000000799c00000,0x0000000799c00000)
  from space 39936K, 36% used [0x0000000799c00000,0x000000079aa28880,0x000000079c300000)
  to   space 37888K, 0% used [0x000000079f680000,0x000000079f680000,0x00000007a1b80000)
 ParOldGen       total 141312K, used 92372K [0x00000006c0000000, 0x00000006c8a00000, 0x000000076ab00000)
  object space 141312K, 65% used [0x00000006c0000000,0x00000006c5a350b8,0x00000006c8a00000)
 Metaspace       used 76033K, capacity 76944K, committed 77096K, reserved 1114112K
  class space    used 11299K, capacity 11486K, committed 11568K, reserved 1048576K
Event: 18.118 GC heap after
Heap after GC invocations=39 (full 3):
 PSYoungGen      total 847872K, used 37875K [0x000000076ab00000, 0x00000007a4000000, 0x00000007c0000000)
  eden space 809984K, 0% used [0x000000076ab00000,0x000000076ab00000,0x000000079c200000)
  from space 37888K, 99% used [0x000000079f680000,0x00000007a1b7ce78,0x00000007a1b80000)
  to   space 53760K, 0% used [0x000000079c200000,0x000000079c200000,0x000000079f680000)
 ParOldGen       total 141312K, used 117278K [0x00000006c0000000, 0x00000006c8a00000, 0x000000076ab00000)
  object space 141312K, 82% used [0x00000006c0000000,0x00000006c7287ae8,0x00000006c8a00000)
 Metaspace       used 76033K, capacity 76944K, committed 77096K, reserved 1114112K
  class space    used 11299K, capacity 11486K, committed 11568K, reserved 1048576K
}
Event: 18.119 GC heap before
{Heap before GC invocations=40 (full 4):
 PSYoungGen      total 847872K, used 37875K [0x000000076ab00000, 0x00000007a4000000, 0x00000007c0000000)
  eden space 809984K, 0% used [0x000000076ab00000,0x000000076ab00000,0x000000079c200000)
  from space 37888K, 99% used [0x000000079f680000,0x00000007a1b7ce78,0x00000007a1b80000)
  to   space 53760K, 0% used [0x000000079c200000,0x000000079c200000,0x000000079f680000)
 ParOldGen       total 141312K, used 117278K [0x00000006c0000000, 0x00000006c8a00000, 0x000000076ab00000)
  object space 141312K, 82% used [0x00000006c0000000,0x00000006c7287ae8,0x00000006c8a00000)
 Metaspace       used 76033K, capacity 76944K, committed 77096K, reserved 1114112K
  class space    used 11299K, capacity 11486K, committed 11568K, reserved 1048576K
Event: 18.291 GC heap after
Heap after GC invocations=40 (full 4):
 PSYoungGen      total 847872K, used 6330K [0x000000076ab00000, 0x00000007a4000000, 0x00000007c0000000)
  eden space 809984K, 0% used [0x000000076ab00000,0x000000076ab00000,0x000000079c200000)
  from space 37888K, 16% used [0x000000079f680000,0x000000079fcaea88,0x00000007a1b80000)
  to   space 53760K, 0% used [0x000000079c200000,0x000000079c200000,0x000000079f680000)
 ParOldGen       total 334848K, used 141202K [0x00000006c0000000, 0x00000006d4700000, 0x000000076ab00000)
  object space 334848K, 42% used [0x00000006c0000000,0x00000006c89e49a8,0x00000006d4700000)
 Metaspace       used 76003K, capacity 76878K, committed 77096K, reserved 1114112K
  class space    used 11293K, capacity 11475K, committed 11568K, reserved 1048576K
}

